<?xml version="1.0" encoding="UTF-8"?>
<!-- Generated by org.testng.reporters.JUnitReportReporter -->
<testsuite hostname="DESKTOP-CEODCQ8" failures="0" tests="1" name="Picheo" time="719.426" errors="0" timestamp="2024-05-27T10:51:05 VET" skipped="0">
  <testcase classname="Picheo" name="getPicheos" time="719.426"/>
</testsuite> <!-- Picheo -->
